2025-06-05 11:08:12,226 - Недостаточно данных для обнаружения аномалий (требуется минимум 10 записей).
2025-06-05 11:08:12,226 - \U0001f4ca Отчёт о состоянии сервера:
Время: 2025-06-05 11:08:12
CPU: 30.4%
RAM: 88.0%
Диск: 43.7%
2025-06-05 11:08:12,308 - \U0001f4c8 Общая статистика за период:
                           timestamp        cpu        ram  disk
count                              4   4.000000   4.000000   4.0
mean   2025-06-05 10:57:26.095659520  21.850000  89.875000  43.7
min       2025-06-05 10:51:28.667459  18.900000  88.000000  43.7
25%    2025-06-05 10:52:55.861391616  18.975000  88.450000  43.7
50%    2025-06-05 10:55:01.758758144  19.050000  89.900000  43.7
75%    2025-06-05 10:59:31.993025792  21.925000  91.325000  43.7
max       2025-06-05 11:08:12.197663  30.400000  91.700000  43.7
std                              NaN   5.700585   1.846393   0.0
2025-06-05 11:09:44,647 - Недостаточно данных для обнаружения аномалий (требуется минимум 10 записей).
2025-06-05 11:09:44,647 - \U0001f4ca Отчёт о состоянии сервера:
Время: 2025-06-05 11:09:44
CPU: 34.1%
RAM: 87.5%
Диск: 43.7%
2025-06-05 11:09:44,663 - \U0001f4c8 Общая статистика за период:
                           timestamp        cpu        ram  disk
count                              5   5.000000   5.000000   5.0
mean   2025-06-05 10:59:53.800588544  24.300000  89.400000  43.7
min       2025-06-05 10:51:28.667459  18.900000  87.500000  43.7
25%    2025-06-05 10:53:24.926035968  19.000000  88.000000  43.7
50%    2025-06-05 10:56:38.591480064  19.100000  88.600000  43.7
75%    2025-06-05 11:08:12.197662976  30.400000  91.200000  43.7
max       2025-06-05 11:09:44.620304  34.100000  91.700000  43.7
std                              NaN   7.374619   1.919635   0.0
2025-06-05 11:31:21,346 - Недостаточно данных для обнаружения аномалий (требуется минимум 10 записей).
2025-06-05 11:31:21,346 - \U0001f4ca Отчёт о состоянии сервера:
Время: 2025-06-05 11:31:21
CPU: 36.6%
RAM: 89.0%
Диск: 43.7%
2025-06-05 11:31:21,368 - \U0001f4c8 Общая статистика за период:
                           timestamp        cpu        ram          disk
count                              6   6.000000   6.000000  6.000000e+00
mean   2025-06-05 11:05:08.387284736  26.350000  89.333333  4.370000e+01
min       2025-06-05 10:51:28.667459  18.900000  87.500000  4.370000e+01
25%    2025-06-05 10:54:13.342396928  19.025000  88.150000  4.370000e+01
50%    2025-06-05 11:02:25.394571520  24.750000  88.800000  4.370000e+01
75%    2025-06-05 11:09:21.514643712  33.175000  90.650000  4.370000e+01
max       2025-06-05 11:31:21.320766  36.600000  91.700000  4.370000e+01
std                              NaN   8.289934   1.724722  7.783606e-15
2025-06-05 11:31:49,516 - Недостаточно данных для обнаружения аномалий (требуется минимум 10 записей).
2025-06-05 11:31:49,517 - \U0001f4ca Отчёт о состоянии сервера:
Время: 2025-06-05 11:31:49
CPU: 26.2%
RAM: 87.4%
Диск: 43.7%
2025-06-05 11:31:49,535 - \U0001f4c8 Общая статистика за период:
                           timestamp        cpu        ram          disk
count                              7   7.000000   7.000000  7.000000e+00
mean   2025-06-05 11:08:57.116604672  26.328571  89.057143  4.370000e+01
min       2025-06-05 10:51:28.667459  18.900000  87.400000  4.370000e+01
25%    2025-06-05 10:55:01.758758144  19.050000  87.750000  4.370000e+01
50%    2025-06-05 11:08:12.197662976  26.200000  88.600000  4.370000e+01
75%    2025-06-05 11:20:32.970534912  32.250000  90.100000  4.370000e+01
max       2025-06-05 11:31:49.492524  36.600000  91.700000  4.370000e+01
std                              NaN   7.567852   1.735758  7.674739e-15
2025-06-05 11:32:54,718 - Недостаточно данных для обнаружения аномалий (требуется минимум 10 записей).
2025-06-05 11:32:54,719 - \U0001f4ca Отчёт о состоянии сервера:
Время: 2025-06-05 11:32:54
CPU: 24.1%
RAM: 87.4%
Диск: 43.7%
2025-06-05 11:32:54,741 - \U0001f4c8 Общая статистика за период:
                           timestamp        cpu        ram  disk
count                              8   8.000000   8.000000   8.0
mean   2025-06-05 11:11:56.812568576  26.050000  88.850000  43.7
min       2025-06-05 10:51:28.667459  18.900000  87.400000  43.7
25%    2025-06-05 10:55:50.175119104  19.075000  87.475000  43.7
50%    2025-06-05 11:08:58.408983296  25.150000  88.300000  43.7
75%    2025-06-05 11:31:28.363705344  31.325000  89.550000  43.7
max       2025-06-05 11:32:54.684317  36.600000  91.700000  43.7
std                              NaN   7.050633   1.710472   0.0
2025-06-05 11:33:34,370 - Недостаточно данных для обнаружения аномалий (требуется минимум 10 записей).
2025-06-05 11:33:34,371 - \U0001f4ca Отчёт о состоянии сервера:
Время: 2025-06-05 11:33:34
CPU: 28.5%
RAM: 87.5%
Диск: 43.7%
2025-06-05 11:33:34,390 - \U0001f4c8 Общая статистика за период:
                           timestamp        cpu        ram  disk
count                              9   9.000000   9.000000   9.0
mean   2025-06-05 11:14:20.982793984  26.322222  88.700000  43.7
min       2025-06-05 10:51:28.667459  18.900000  87.400000  43.7
25%    2025-06-05 10:56:38.591480064  19.100000  87.500000  43.7
50%    2025-06-05 11:09:44.620303872  26.200000  88.000000  43.7
75%    2025-06-05 11:31:49.492524032  30.400000  89.000000  43.7
max       2025-06-05 11:33:34.344597  36.600000  91.700000  43.7
std                              NaN   6.645633   1.662077   0.0
